  [1m[35m (3.4ms)[0m  [1m[34mSELECT sqlite_version(*)[0m
  [1m[35m (0.1ms)[0m  [1m[34mSELECT sqlite_version(*)[0m
  [1m[35m (0.4ms)[0m  [1m[34mSELECT sqlite_version(*)[0m
  [1m[35m (1.2ms)[0m  [1m[35mCREATE TABLE "schema_migrations" ("version" varchar NOT NULL PRIMARY KEY)[0m
  [1m[35m (0.3ms)[0m  [1m[35mCREATE TABLE "ar_internal_metadata" ("key" varchar NOT NULL PRIMARY KEY, "value" varchar, "created_at" datetime(6) NOT NULL, "updated_at" datetime(6) NOT NULL)[0m
  [1m[35m (0.1ms)[0m  [1m[34mSELECT "schema_migrations"."version" FROM "schema_migrations" ORDER BY "schema_migrations"."version" ASC[0m
Migrating to CreateTasks (20221005101831)
  [1m[35m (0.1ms)[0m  [1m[36mbegin transaction[0m
  [1m[35m (0.2ms)[0m  [1m[35mCREATE TABLE "tasks" ("id" integer PRIMARY KEY AUTOINCREMENT NOT NULL, "content" text, "created_at" datetime(6) NOT NULL, "updated_at" datetime(6) NOT NULL)[0m
  [1m[36mActiveRecord::SchemaMigration Create (0.1ms)[0m  [1m[32mINSERT INTO "schema_migrations" ("version") VALUES (?)[0m  [["version", "20221005101831"]]
  [1m[35m (0.5ms)[0m  [1m[36mcommit transaction[0m
  [1m[36mActiveRecord::InternalMetadata Load (0.1ms)[0m  [1m[34mSELECT "ar_internal_metadata".* FROM "ar_internal_metadata" WHERE "ar_internal_metadata"."key" = ? LIMIT ?[0m  [["key", "environment"], ["LIMIT", 1]]
  [1m[35m (0.0ms)[0m  [1m[36mbegin transaction[0m
  [1m[36mActiveRecord::InternalMetadata Create (0.2ms)[0m  [1m[32mINSERT INTO "ar_internal_metadata" ("key", "value", "created_at", "updated_at") VALUES (?, ?, ?, ?)[0m  [["key", "environment"], ["value", "development"], ["created_at", "2022-10-05 10:36:41.976509"], ["updated_at", "2022-10-05 10:36:41.976509"]]
  [1m[35m (0.3ms)[0m  [1m[36mcommit transaction[0m
  [1m[35m (0.0ms)[0m  [1m[34mSELECT sqlite_version(*)[0m
  [1m[35m (0.1ms)[0m  [1m[34mSELECT "schema_migrations"."version" FROM "schema_migrations" ORDER BY "schema_migrations"."version" ASC[0m
  [1m[35m (0.4ms)[0m  [1m[34mSELECT sqlite_version(*)[0m
  [1m[35m (0.1ms)[0m  [1m[34mSELECT "schema_migrations"."version" FROM "schema_migrations" ORDER BY "schema_migrations"."version" ASC[0m
Started GET "/" for ::1 at 2022-10-05 19:43:54 +0900
  [1m[35m (0.4ms)[0m  [1m[34mSELECT sqlite_version(*)[0m
  [1m[35m (0.1ms)[0m  [1m[34mSELECT "schema_migrations"."version" FROM "schema_migrations" ORDER BY "schema_migrations"."version" ASC[0m
Processing by Rails::WelcomeController#index as HTML
  Rendering /Users/okubo/.rbenv/versions/2.6.6/lib/ruby/gems/2.6.0/gems/railties-6.0.6/lib/rails/templates/rails/welcome/index.html.erb
  Rendered /Users/okubo/.rbenv/versions/2.6.6/lib/ruby/gems/2.6.0/gems/railties-6.0.6/lib/rails/templates/rails/welcome/index.html.erb (Duration: 8.6ms | Allocations: 486)
Completed 200 OK in 22ms (Views: 13.9ms | ActiveRecord: 0.0ms | Allocations: 2817)


Started GET "/" for ::1 at 2022-10-05 19:44:01 +0900
Processing by Rails::WelcomeController#index as HTML
  Rendering /Users/okubo/.rbenv/versions/2.6.6/lib/ruby/gems/2.6.0/gems/railties-6.0.6/lib/rails/templates/rails/welcome/index.html.erb
  Rendered /Users/okubo/.rbenv/versions/2.6.6/lib/ruby/gems/2.6.0/gems/railties-6.0.6/lib/rails/templates/rails/welcome/index.html.erb (Duration: 17.7ms | Allocations: 617)
Completed 200 OK in 22ms (Views: 20.0ms | ActiveRecord: 0.0ms | Allocations: 1318)


Started GET "/tasks" for ::1 at 2022-10-05 19:44:04 +0900
Processing by TasksController#index as HTML
  Rendering tasks/index.html.erb within layouts/application
  [1m[36mTask Load (0.5ms)[0m  [1m[34mSELECT "tasks".* FROM "tasks"[0m
  ↳ app/views/tasks/index.html.erb:14
  Rendered tasks/index.html.erb within layouts/application (Duration: 9.8ms | Allocations: 1391)
[Webpacker] Compiling...
[Webpacker] Compilation failed:
yarn run v1.22.19
info Visit https://yarnpkg.com/en/docs/cli/run for documentation about this command.


error Command "webpack" not found.

Completed 500 Internal Server Error in 913ms (ActiveRecord: 0.9ms | Allocations: 24119)


  
ActionView::Template::Error (Webpacker can't find application in /Users/okubo/Perfect-RubyonRails/todo/public/packs/manifest.json. Possible causes:
1. You want to set webpacker.yml value of compile to true for your environment
   unless you are using the `webpack -w` or the webpack-dev-server.
2. webpack has not yet re-run to reflect updates.
3. You have misconfigured Webpacker's config/webpacker.yml file.
4. Your webpack configuration is not creating a manifest.
Your manifest contains:
{
}
):
     6:     <%= csp_meta_tag %>
     7: 
     8:     <%= stylesheet_link_tag 'application', media: 'all', 'data-turbolinks-track': 'reload' %>
     9:     <%= javascript_pack_tag 'application', 'data-turbolinks-track': 'reload' %>
    10:   </head>
    11: 
    12:   <body>
  
app/views/layouts/application.html.erb:9
  [1m[35m (0.6ms)[0m  [1m[34mSELECT sqlite_version(*)[0m
  [1m[36mTask Load (0.3ms)[0m  [1m[34mSELECT "tasks".* FROM "tasks" LIMIT ?[0m  [["LIMIT", 11]]
Started GET "/tasks" for ::1 at 2022-10-05 19:52:18 +0900
  [1m[35m (0.1ms)[0m  [1m[34mSELECT sqlite_version(*)[0m
Processing by TasksController#index as HTML
  Rendering tasks/index.html.erb within layouts/application
  [1m[36mTask Load (0.3ms)[0m  [1m[34mSELECT "tasks".* FROM "tasks"[0m
  ↳ app/views/tasks/index.html.erb:14
  Rendered tasks/index.html.erb within layouts/application (Duration: 2.8ms | Allocations: 705)
[Webpacker] Compiling...
[Webpacker] Compilation failed:
yarn run v1.22.19
info Visit https://yarnpkg.com/en/docs/cli/run for documentation about this command.


error Command "webpack" not found.

Completed 500 Internal Server Error in 803ms (ActiveRecord: 0.3ms | Allocations: 6157)


  
ActionView::Template::Error (Webpacker can't find application in /Users/okubo/Perfect-RubyonRails/todo/public/packs/manifest.json. Possible causes:
1. You want to set webpacker.yml value of compile to true for your environment
   unless you are using the `webpack -w` or the webpack-dev-server.
2. webpack has not yet re-run to reflect updates.
3. You have misconfigured Webpacker's config/webpacker.yml file.
4. Your webpack configuration is not creating a manifest.
Your manifest contains:
{
}
):
     6:     <%= csp_meta_tag %>
     7: 
     8:     <%= stylesheet_link_tag 'application', media: 'all', 'data-turbolinks-track': 'reload' %>
     9:     <%= javascript_pack_tag 'application', 'data-turbolinks-track': 'reload' %>
    10:   </head>
    11: 
    12:   <body>
  
app/views/layouts/application.html.erb:9
Started GET "/tasks" for ::1 at 2022-10-05 19:53:42 +0900
  [1m[35m (0.4ms)[0m  [1m[34mSELECT sqlite_version(*)[0m
  [1m[35m (0.1ms)[0m  [1m[34mSELECT "schema_migrations"."version" FROM "schema_migrations" ORDER BY "schema_migrations"."version" ASC[0m
Processing by TasksController#index as HTML
  Rendering tasks/index.html.erb within layouts/application
  [1m[36mTask Load (0.3ms)[0m  [1m[34mSELECT "tasks".* FROM "tasks"[0m
  ↳ app/views/tasks/index.html.erb:14
  Rendered tasks/index.html.erb within layouts/application (Duration: 3.7ms | Allocations: 1506)
[Webpacker] Compiling...
Started GET "/" for ::1 at 2022-10-05 19:53:43 +0900
  [1m[35m (0.1ms)[0m  [1m[34mSELECT sqlite_version(*)[0m
Processing by Rails::WelcomeController#index as HTML
  Rendering /Users/okubo/.rbenv/versions/2.6.6/lib/ruby/gems/2.6.0/gems/railties-6.0.6/lib/rails/templates/rails/welcome/index.html.erb
  Rendered /Users/okubo/.rbenv/versions/2.6.6/lib/ruby/gems/2.6.0/gems/railties-6.0.6/lib/rails/templates/rails/welcome/index.html.erb (Duration: 6.1ms | Allocations: 195)
Completed 200 OK in 8ms (Views: 6.9ms | ActiveRecord: 0.0ms | Allocations: 869)


[Webpacker] Compilation failed:
yarn run v1.22.19
info Visit https://yarnpkg.com/en/docs/cli/run for documentation about this command.


error Command "webpack" not found.

Completed 500 Internal Server Error in 864ms (ActiveRecord: 0.5ms | Allocations: 19888)


  
ActionView::Template::Error (Webpacker can't find application in /Users/okubo/Perfect-RubyonRails/todo/public/packs/manifest.json. Possible causes:
1. You want to set webpacker.yml value of compile to true for your environment
   unless you are using the `webpack -w` or the webpack-dev-server.
2. webpack has not yet re-run to reflect updates.
3. You have misconfigured Webpacker's config/webpacker.yml file.
4. Your webpack configuration is not creating a manifest.
Your manifest contains:
{
}
):
     6:     <%= csp_meta_tag %>
     7: 
     8:     <%= stylesheet_link_tag 'application', media: 'all', 'data-turbolinks-track': 'reload' %>
     9:     <%= javascript_pack_tag 'application', 'data-turbolinks-track': 'reload' %>
    10:   </head>
    11: 
    12:   <body>
  
app/views/layouts/application.html.erb:9
Started GET "/" for ::1 at 2022-10-05 19:53:46 +0900
Processing by Rails::WelcomeController#index as HTML
  Rendering /Users/okubo/.rbenv/versions/2.6.6/lib/ruby/gems/2.6.0/gems/railties-6.0.6/lib/rails/templates/rails/welcome/index.html.erb
  Rendered /Users/okubo/.rbenv/versions/2.6.6/lib/ruby/gems/2.6.0/gems/railties-6.0.6/lib/rails/templates/rails/welcome/index.html.erb (Duration: 6.3ms | Allocations: 185)
Completed 200 OK in 11ms (Views: 7.4ms | ActiveRecord: 0.0ms | Allocations: 1483)


Started GET "/tasks" for ::1 at 2022-10-05 19:53:47 +0900
Processing by TasksController#index as HTML
  Rendering tasks/index.html.erb within layouts/application
  [1m[36mTask Load (0.1ms)[0m  [1m[34mSELECT "tasks".* FROM "tasks"[0m
  ↳ app/views/tasks/index.html.erb:14
  Rendered tasks/index.html.erb within layouts/application (Duration: 1.8ms | Allocations: 917)
[Webpacker] Compiling...
[Webpacker] Compilation failed:
yarn run v1.22.19
info Visit https://yarnpkg.com/en/docs/cli/run for documentation about this command.


error Command "webpack" not found.

Completed 500 Internal Server Error in 695ms (ActiveRecord: 0.1ms | Allocations: 7058)


  
ActionView::Template::Error (Webpacker can't find application in /Users/okubo/Perfect-RubyonRails/todo/public/packs/manifest.json. Possible causes:
1. You want to set webpacker.yml value of compile to true for your environment
   unless you are using the `webpack -w` or the webpack-dev-server.
2. webpack has not yet re-run to reflect updates.
3. You have misconfigured Webpacker's config/webpacker.yml file.
4. Your webpack configuration is not creating a manifest.
Your manifest contains:
{
}
):
     6:     <%= csp_meta_tag %>
     7: 
     8:     <%= stylesheet_link_tag 'application', media: 'all', 'data-turbolinks-track': 'reload' %>
     9:     <%= javascript_pack_tag 'application', 'data-turbolinks-track': 'reload' %>
    10:   </head>
    11: 
    12:   <body>
  
app/views/layouts/application.html.erb:9
Started GET "/tasks" for ::1 at 2022-10-05 19:55:24 +0900
Processing by TasksController#index as HTML
  Rendering tasks/index.html.erb within layouts/application
  [1m[36mTask Load (0.2ms)[0m  [1m[34mSELECT "tasks".* FROM "tasks"[0m
  ↳ app/views/tasks/index.html.erb:14
  Rendered tasks/index.html.erb within layouts/application (Duration: 2.5ms | Allocations: 678)
[Webpacker] Compiling...
[Webpacker] Compilation failed:
yarn run v1.22.19
info Visit https://yarnpkg.com/en/docs/cli/run for documentation about this command.


error Command "webpack" not found.

Completed 500 Internal Server Error in 718ms (ActiveRecord: 0.2ms | Allocations: 6069)


  
ActionView::Template::Error (Webpacker can't find application in /Users/okubo/Perfect-RubyonRails/todo/public/packs/manifest.json. Possible causes:
1. You want to set webpacker.yml value of compile to true for your environment
   unless you are using the `webpack -w` or the webpack-dev-server.
2. webpack has not yet re-run to reflect updates.
3. You have misconfigured Webpacker's config/webpacker.yml file.
4. Your webpack configuration is not creating a manifest.
Your manifest contains:
{
}
):
     6:     <%= csp_meta_tag %>
     7: 
     8:     <%= stylesheet_link_tag 'application', media: 'all', 'data-turbolinks-track': 'reload' %>
     9:     <%= javascript_pack_tag 'application', 'data-turbolinks-track': 'reload' %>
    10:   </head>
    11: 
    12:   <body>
  
app/views/layouts/application.html.erb:9
Started GET "/tasks" for ::1 at 2022-10-05 20:05:35 +0900
  [1m[35m (0.3ms)[0m  [1m[34mSELECT sqlite_version(*)[0m
Processing by TasksController#index as HTML
  Rendering tasks/index.html.erb within layouts/application
  [1m[36mTask Load (0.5ms)[0m  [1m[34mSELECT "tasks".* FROM "tasks"[0m
  ↳ app/views/tasks/index.html.erb:14
  Rendered tasks/index.html.erb within layouts/application (Duration: 8.0ms | Allocations: 693)
[Webpacker] Compiling...
[Webpacker] Compilation failed:
yarn run v1.22.19
info Visit https://yarnpkg.com/en/docs/cli/run for documentation about this command.


error Command "webpack" not found.

Completed 500 Internal Server Error in 827ms (ActiveRecord: 0.5ms | Allocations: 6081)


  
ActionView::Template::Error (Webpacker can't find application in /Users/okubo/Perfect-RubyonRails/todo/public/packs/manifest.json. Possible causes:
1. You want to set webpacker.yml value of compile to true for your environment
   unless you are using the `webpack -w` or the webpack-dev-server.
2. webpack has not yet re-run to reflect updates.
3. You have misconfigured Webpacker's config/webpacker.yml file.
4. Your webpack configuration is not creating a manifest.
Your manifest contains:
{
}
):
     6:     <%= csp_meta_tag %>
     7: 
     8:     <%= stylesheet_link_tag 'application', media: 'all', 'data-turbolinks-track': 'reload' %>
     9:     <%= javascript_pack_tag 'application', 'data-turbolinks-track': 'reload' %>
    10:   </head>
    11: 
    12:   <body>
  
app/views/layouts/application.html.erb:9
Started GET "/tasks" for ::1 at 2022-10-05 20:11:52 +0900
  [1m[35m (0.3ms)[0m  [1m[34mSELECT sqlite_version(*)[0m
Processing by TasksController#index as HTML
  Rendering tasks/index.html.erb within layouts/application
  [1m[36mTask Load (0.4ms)[0m  [1m[34mSELECT "tasks".* FROM "tasks"[0m
  ↳ app/views/tasks/index.html.erb:14
  Rendered tasks/index.html.erb within layouts/application (Duration: 1.7ms | Allocations: 693)
[Webpacker] Everything's up-to-date. Nothing to do
Completed 200 OK in 9ms (Views: 8.2ms | ActiveRecord: 0.4ms | Allocations: 4570)


Started GET "/tasks/new" for ::1 at 2022-10-05 20:12:00 +0900
Processing by TasksController#new as HTML
  Rendering tasks/new.html.erb within layouts/application
  Rendered tasks/_form.html.erb (Duration: 27.2ms | Allocations: 12649)
  Rendered tasks/new.html.erb within layouts/application (Duration: 28.4ms | Allocations: 13007)
[Webpacker] Everything's up-to-date. Nothing to do
Completed 200 OK in 39ms (Views: 32.7ms | ActiveRecord: 0.3ms | Allocations: 19657)


Started POST "/tasks" for ::1 at 2022-10-05 20:12:09 +0900
Processing by TasksController#create as HTML
  Parameters: {"authenticity_token"=>"DEF5Wi4gw6itDDQxkOrZ1dEkww6cASYsOuzhDsarBN8AAYuU/to3IXejsaJ8KKoMZC+Z4t9YmymNaU0WBSvP5w==", "task"=>{"content"=>"test content"}, "commit"=>"Create Task"}
  [1m[35m (0.1ms)[0m  [1m[36mbegin transaction[0m
  ↳ app/controllers/tasks_controller.rb:27:in `block in create'
  [1m[36mTask Create (2.7ms)[0m  [1m[32mINSERT INTO "tasks" ("content", "created_at", "updated_at") VALUES (?, ?, ?)[0m  [["content", "test content"], ["created_at", "2022-10-05 11:12:09.333563"], ["updated_at", "2022-10-05 11:12:09.333563"]]
  ↳ app/controllers/tasks_controller.rb:27:in `block in create'
  [1m[35m (0.3ms)[0m  [1m[36mcommit transaction[0m
  ↳ app/controllers/tasks_controller.rb:27:in `block in create'
Redirected to http://localhost:3000/tasks/1
Completed 302 Found in 8ms (ActiveRecord: 3.1ms | Allocations: 2885)


Started GET "/tasks/1" for ::1 at 2022-10-05 20:12:09 +0900
Processing by TasksController#show as HTML
  Parameters: {"id"=>"1"}
  [1m[36mTask Load (0.2ms)[0m  [1m[34mSELECT "tasks".* FROM "tasks" WHERE "tasks"."id" = ? LIMIT ?[0m  [["id", 1], ["LIMIT", 1]]
  ↳ app/controllers/tasks_controller.rb:63:in `set_task'
  Rendering tasks/show.html.erb within layouts/application
  Rendered tasks/show.html.erb within layouts/application (Duration: 0.7ms | Allocations: 253)
[Webpacker] Everything's up-to-date. Nothing to do
Completed 200 OK in 8ms (Views: 5.0ms | ActiveRecord: 0.2ms | Allocations: 5348)


Started GET "/tasks" for ::1 at 2022-10-05 20:12:11 +0900
Processing by TasksController#index as HTML
  Rendering tasks/index.html.erb within layouts/application
  [1m[36mTask Load (0.1ms)[0m  [1m[34mSELECT "tasks".* FROM "tasks"[0m
  ↳ app/views/tasks/index.html.erb:14
  Rendered tasks/index.html.erb within layouts/application (Duration: 1.2ms | Allocations: 836)
[Webpacker] Everything's up-to-date. Nothing to do
Completed 200 OK in 6ms (Views: 5.5ms | ActiveRecord: 0.1ms | Allocations: 4786)


Started GET "/tasks/1/edit" for ::1 at 2022-10-05 22:09:53 +0900
  [1m[35m (0.8ms)[0m  [1m[34mSELECT sqlite_version(*)[0m
Processing by TasksController#edit as HTML
  Parameters: {"id"=>"1"}
  [1m[36mTask Load (0.6ms)[0m  [1m[34mSELECT "tasks".* FROM "tasks" WHERE "tasks"."id" = ? LIMIT ?[0m  [["id", 1], ["LIMIT", 1]]
  ↳ app/controllers/tasks_controller.rb:63:in `set_task'
  Rendering tasks/edit.html.erb within layouts/application
  Rendered tasks/_form.html.erb (Duration: 3.5ms | Allocations: 725)
  Rendered tasks/edit.html.erb within layouts/application (Duration: 6.7ms | Allocations: 1003)
[Webpacker] Everything's up-to-date. Nothing to do
Completed 200 OK in 27ms (Views: 19.9ms | ActiveRecord: 0.6ms | Allocations: 5663)


Started GET "/" for ::1 at 2022-10-05 22:59:12 +0900
  [1m[35m (0.3ms)[0m  [1m[34mSELECT sqlite_version(*)[0m
Processing by Rails::WelcomeController#index as HTML
  Rendering /Users/okubo/.rbenv/versions/2.6.6/lib/ruby/gems/2.6.0/gems/railties-6.0.6/lib/rails/templates/rails/welcome/index.html.erb
  Rendered /Users/okubo/.rbenv/versions/2.6.6/lib/ruby/gems/2.6.0/gems/railties-6.0.6/lib/rails/templates/rails/welcome/index.html.erb (Duration: 0.6ms | Allocations: 7)
Completed 200 OK in 6ms (Views: 1.8ms | ActiveRecord: 0.0ms | Allocations: 419)


